<?xml version="1.0" encoding="UTF-8"?>
<!-- Generated by org.testng.reporters.JUnitXMLReporter -->
<testsuite hostname="imransk-PC" name="Test" tests="7" failures="5" timestamp="8 Jan 2020 14:57:22 GMT" time="16.904" errors="0">
  <testcase name="@AfterClass close" time="0.0" classname="academy.HomePageScenario1">
    <failure type="java.lang.NullPointerException">
      <![CDATA[java.lang.NullPointerException
	at academy.HomePageScenario1.close(HomePageScenario1.java:56)
... Removed 24 stack frames]]>
    </failure>
  </testcase> <!-- @AfterClass close -->
  <testcase name="basePageNavigationSc1M1" time="0.026" classname="academy.HomePageScenario1">
    <failure type="java.lang.NullPointerException">
      <![CDATA[java.lang.NullPointerException
	at org.openqa.selenium.support.pagefactory.DefaultElementLocator.findElement(DefaultElementLocator.java:69)
	at org.openqa.selenium.support.pagefactory.internal.LocatingElementHandler.invoke(LocatingElementHandler.java:38)
	at com.sun.proxy.$Proxy10.isDisplayed(Unknown Source)
	at academy.HomePageScenario1.basePageNavigationSc1M1(HomePageScenario1.java:34)
... Removed 24 stack frames]]>
    </failure>
  </testcase> <!-- basePageNavigationSc1M1 -->
  <testcase name="basePageNavigationSc1M2" time="0.002" classname="academy.HomePageScenario1">
    <failure type="java.lang.NullPointerException">
      <![CDATA[java.lang.NullPointerException
	at org.openqa.selenium.support.pagefactory.DefaultElementLocator.findElement(DefaultElementLocator.java:69)
	at org.openqa.selenium.support.pagefactory.internal.LocatingElementHandler.invoke(LocatingElementHandler.java:38)
	at com.sun.proxy.$Proxy10.getText(Unknown Source)
	at academy.HomePageScenario1.basePageNavigationSc1M2(HomePageScenario1.java:39)
... Removed 24 stack frames]]>
    </failure>
  </testcase> <!-- basePageNavigationSc1M2 -->
  <testcase name="basePageNavigationSc1M3" time="0.003" classname="academy.HomePageScenario1">
    <failure type="java.lang.NullPointerException">
      <![CDATA[java.lang.NullPointerException
	at academy.HomePageScenario1.basePageNavigationSc1M3(HomePageScenario1.java:45)
... Removed 24 stack frames]]>
    </failure>
  </testcase> <!-- basePageNavigationSc1M3 -->
  <testcase name="basePageNavigationSc1M3" time="0.002" classname="academy.HomePageScenario1">
    <failure type="java.lang.NullPointerException">
      <![CDATA[java.lang.NullPointerException
	at academy.HomePageScenario1.basePageNavigationSc1M3(HomePageScenario1.java:45)
... Removed 24 stack frames]]>
    </failure>
  </testcase> <!-- basePageNavigationSc1M3 -->
  <testcase name="basePageNavigationSc1M3" time="0.002" classname="academy.HomePageScenario1">
    <failure type="java.lang.NullPointerException">
      <![CDATA[java.lang.NullPointerException
	at academy.HomePageScenario1.basePageNavigationSc1M3(HomePageScenario1.java:45)
... Removed 24 stack frames]]>
    </failure>
  </testcase> <!-- basePageNavigationSc1M3 -->
  <testcase name="basePageNavigationSc2M1" time="0.074" classname="academy.HomePageScenario2"/>
  <testcase name="basePageNavigationSc2M2" time="7.663" classname="academy.HomePageScenario2"/>
</testsuite> <!-- Test -->
