<?xml version="1.0" encoding="UTF-8"?>
<!-- Generated by org.testng.reporters.JUnitXMLReporter -->
<testsuite ignored="0" hostname="DESKTOP-KRK2GES" failures="0" tests="6" name="HomePgSc1" time="91.341" errors="0" timestamp="2020-03-17T16:22:03 IST">
  <testcase classname="qaacademy.HomePageScenario1" name="basePageNavigationSc1M1" time="0.964"/>
  <testcase classname="qaacademy.HomePageScenario1" name="basePageNavigationSc1M2" time="0.421"/>
  <testcase classname="qaacademy.HomePageScenario1" name="basePageNavigationSc1M3" time="26.114"/>
  <testcase classname="qaacademy.HomePageScenario1" name="basePageNavigationSc1M3" time="12.9"/>
  <testcase classname="qaacademy.HomePageScenario1" name="basePageNavigationSc1M3" time="8.876"/>
  <testcase classname="qaacademy.HomePageScenario1" name="basePageNavigationSc1M3" time="17.41"/>
</testsuite> <!-- HomePgSc1 -->
