<?xml version="1.0" encoding="UTF-8"?>
<!-- Generated by org.testng.reporters.JUnitXMLReporter -->
<testsuite ignored="0" hostname="DESKTOP-KRK2GES" failures="1" tests="2" name="HomePgSc2" time="17.0" errors="0" timestamp="2020-03-17T16:22:20 IST">
  <testcase classname="qaacademy.HomePageScenario2" name="basePageNavigationSc2M1" time="0.118"/>
  <testcase classname="qaacademy.HomePageScenario2" name="basePageNavigationSc2M2" time="6.209">
    <failure type="java.lang.IllegalArgumentException" message="Keys to send should be a not null CharSequence">
      <![CDATA[java.lang.IllegalArgumentException: Keys to send should be a not null CharSequence
at org.openqa.selenium.remote.RemoteWebElement.sendKeys(RemoteWebElement.java:97)
at org.openqa.selenium.support.pagefactory.internal.LocatingElementHandler.invoke(LocatingElementHandler.java:51)
at com.sun.proxy.$Proxy16.sendKeys(Unknown Source)
at qaacademy.HomePageScenario2.basePageNavigationSc2M2(HomePageScenario2.java:54)
at java.base/java.util.ArrayList.forEach(ArrayList.java:1507)
... Removed 31 stack frames]]>
    </failure>
  </testcase> <!-- basePageNavigationSc2M2 -->
</testsuite> <!-- HomePgSc2 -->
