<?xml version="1.0" encoding="UTF-8"?>
<!-- Generated by org.testng.reporters.JUnitXMLReporter -->
<testsuite hostname="imransk-PC" name="Test" tests="3" failures="0" timestamp="8 Jan 2020 01:58:29 GMT" time="24.457" errors="0">
  <testcase name="basePageNavigation1" time="0.08" classname="academy.HomePage"/>
  <testcase name="basePageNavigation2" time="0.03" classname="academy.HomePage"/>
  <testcase name="basePageNavigation3" time="16.248" classname="academy.HomePage"/>
</testsuite> <!-- Test -->
