<?xml version="1.0" encoding="UTF-8"?>
<testsuite xmlns:xsi="http://www.w3.org/2001/XMLSchema-instance" xsi:noNamespaceSchemaLocation="https://maven.apache.org/surefire/maven-surefire-plugin/xsd/surefire-test-report-3.0.xsd" version="3.0" name="TestSuite" time="53.51" tests="7" errors="0" skipped="0" failures="2">
  <properties>
[...]
</properties>
  <testcase name="basePageNavigationSc1M1" classname="qaacademy.HomePageScenario1" time="0.084"/>
  <testcase name="basePageNavigationSc1M2" classname="qaacademy.HomePageScenario1" time="0.037">
    <failure message="expected [FEATURED COURSES123] but found [FEATURED COURSES]" type="java.lang.AssertionError"><![CDATA[java.lang.AssertionError: expected [FEATURED COURSES123] but found [FEATURED COURSES]
	at qaacademy.HomePageScenario1.basePageNavigationSc1M2(HomePageScenario1.java:48)
]]></failure>
  </testcase>
  <testcase name="basePageNavigationSc1M3" classname="qaacademy.HomePageScenario1" time="9.55"/>
  <testcase name="basePageNavigationSc1M3" classname="qaacademy.HomePageScenario1" time="5.83"/>
  <testcase name="basePageNavigationSc1M3" classname="qaacademy.HomePageScenario1" time="13.342"/>
  <testcase name="basePageNavigationSc2M1" classname="qaacademy.HomePageScenario2" time="0.052"/>
  <testcase name="basePageNavigationSc2M2" classname="qaacademy.HomePageScenario2" time="6.958">
    <failure message="Keys to send should be a not null CharSequence" type="java.lang.IllegalArgumentException"><![CDATA[java.lang.IllegalArgumentException: Keys to send should be a not null CharSequence
	at qaacademy.HomePageScenario2.basePageNavigationSc2M2(HomePageScenario2.java:54)
]]></failure>
  </testcase>
</testsuite>